<?xml version="1.0" encoding="UTF-8"?>
<!-- Generated by org.testng.reporters.JUnitXMLReporter -->
<testsuite hostname="DESKTOP-TA78S10" ignored="1" name="Command line test" tests="3" failures="0" timestamp="10 Aug 2019 15:35:33 GMT" time="57.328" errors="0">
  <testcase name="testLogin" time="21.036" classname="com_tests.LoginTest"/>
  <testcase name="f" time="0.001" classname="com_tests.Sample_Test"/>
  <testcase name="search_Hotel" time="21.695" classname="com_tests.SearchHotelTest"/>
  <testcase name="@AfterSuite afterSuite" time="0.0" classname="config.BaseClass">
    <ignored/>
  </testcase> <!-- @AfterSuite afterSuite -->
</testsuite> <!-- Command line test -->
