<?xml version="1.0" encoding="UTF-8"?>
<testng-results skipped="0" failed="0" ignored="0" total="1" passed="1">
  <reporter-output>
  </reporter-output>
  <suite name="Suite" duration-ms="65" started-at="2019-08-02T17:13:28Z" finished-at="2019-08-02T17:13:28Z">
    <groups>
    </groups>
    <test name="Test" duration-ms="65" started-at="2019-08-02T17:13:28Z" finished-at="2019-08-02T17:13:28Z">
      <class name="com_tests.Sample_Test">
        <test-method status="PASS" signature="beforeSuite()[pri:0, instance:com_tests.Sample_Test@ae45eb6]" name="beforeSuite" is-config="true" duration-ms="10" started-at="2019-08-02T22:43:28Z" finished-at="2019-08-02T22:43:28Z">
          <reporter-output>
          </reporter-output>
        </test-method> <!-- beforeSuite -->
        <test-method status="PASS" signature="beforeTest()[pri:0, instance:com_tests.Sample_Test@ae45eb6]" name="beforeTest" is-config="true" duration-ms="0" started-at="2019-08-02T22:43:28Z" finished-at="2019-08-02T22:43:28Z">
          <reporter-output>
          </reporter-output>
        </test-method> <!-- beforeTest -->
        <test-method status="PASS" signature="beforeClass()[pri:0, instance:com_tests.Sample_Test@ae45eb6]" name="beforeClass" is-config="true" duration-ms="0" started-at="2019-08-02T22:43:28Z" finished-at="2019-08-02T22:43:28Z">
          <reporter-output>
          </reporter-output>
        </test-method> <!-- beforeClass -->
        <test-method status="PASS" signature="f()[pri:0, instance:com_tests.Sample_Test@ae45eb6]" name="f" duration-ms="20" started-at="2019-08-02T22:43:28Z" finished-at="2019-08-02T22:43:28Z">
          <reporter-output>
          </reporter-output>
        </test-method> <!-- f -->
        <test-method status="PASS" signature="beforeMethod()[pri:0, instance:com_tests.Sample_Test@ae45eb6]" name="beforeMethod" is-config="true" duration-ms="0" started-at="2019-08-02T22:43:28Z" finished-at="2019-08-02T22:43:28Z">
          <reporter-output>
          </reporter-output>
        </test-method> <!-- beforeMethod -->
        <test-method status="PASS" signature="afterMethod()[pri:0, instance:com_tests.Sample_Test@ae45eb6]" name="afterMethod" is-config="true" duration-ms="4" started-at="2019-08-02T22:43:28Z" finished-at="2019-08-02T22:43:28Z">
          <reporter-output>
          </reporter-output>
        </test-method> <!-- afterMethod -->
        <test-method status="PASS" signature="afterClass()[pri:0, instance:com_tests.Sample_Test@ae45eb6]" name="afterClass" is-config="true" duration-ms="0" started-at="2019-08-02T22:43:28Z" finished-at="2019-08-02T22:43:28Z">
          <reporter-output>
          </reporter-output>
        </test-method> <!-- afterClass -->
        <test-method status="PASS" signature="afterTest()[pri:0, instance:com_tests.Sample_Test@ae45eb6]" name="afterTest" is-config="true" duration-ms="0" started-at="2019-08-02T22:43:28Z" finished-at="2019-08-02T22:43:28Z">
          <reporter-output>
          </reporter-output>
        </test-method> <!-- afterTest -->
        <test-method status="PASS" signature="afterSuite()[pri:0, instance:com_tests.Sample_Test@ae45eb6]" name="afterSuite" is-config="true" duration-ms="0" started-at="2019-08-02T22:43:28Z" finished-at="2019-08-02T22:43:28Z">
          <reporter-output>
          </reporter-output>
        </test-method> <!-- afterSuite -->
      </class> <!-- com_tests.Sample_Test -->
    </test> <!-- Test -->
  </suite> <!-- Suite -->
</testng-results>
